1650163764693	geckodriver	INFO	Listening on 127.0.0.1:54537
1650163767708	mozrunner::runner	INFO	Running command: "C:\\Program Files\\Mozilla Firefox\\firefox.exe" "--marionette" "--remote-debugging-port" "54538" "-no-remote" "-profile" "C:\\Users\\nickh\\AppData\\Local\\Temp\\rust_mozprofilewLOwSJ"
1650163768064	Marionette	INFO	Marionette enabled
console.warn: SearchSettings: "get: No settings file exists, new profile?" (new NotFoundError("Could not open the file at C:\\Users\\nickh\\AppData\\Local\\Temp\\rust_mozprofilewLOwSJ\\search.json.mozlz4", (void 0)))
DevTools listening on ws://localhost:54538/devtools/browser/593914b5-afbc-45b4-9fc9-5ab1d046be67
1650163769575	Marionette	INFO	Listening on port 54545
1650163769776	RemoteAgent	WARN	TLS certificate errors will be ignored for this session
console.warn: LoginRecipes: "getRecipes: falling back to a synchronous message for:" "https://login.ufl.edu"
console.warn: LoginRecipes: "getRecipes: falling back to a synchronous message for:" "https://login.ufl.edu"
JavaScript error: resource://gre/modules/LoginManagerParent.jsm, line 136: TypeError: gRecipeManager is null
1650163798489	Marionette	WARN	Ignoring event 'DOMContentLoaded' because document has an invalid readyState of 'complete'.
console.warn: LoginRecipes: "getRecipes: falling back to a synchronous message for:" "https://api-46a3d6ac.duosecurity.com"
JavaScript error: resource://gre/modules/LoginManagerParent.jsm, line 136: TypeError: gRecipeManager is null
console.warn: LoginRecipes: "getRecipes: falling back to a synchronous message for:" "https://api-46a3d6ac.duosecurity.com"
JavaScript error: resource://gre/modules/LoginManagerParent.jsm, line 136: TypeError: gRecipeManager is null
1650163799528	Marionette	WARN	Ignoring event 'DOMContentLoaded' because document has an invalid readyState of 'complete'.
console.warn: LoginRecipes: "getRecipes: falling back to a synchronous message for:" "https://api-46a3d6ac.duosecurity.com"
JavaScript error: resource://gre/modules/LoginManagerParent.jsm, line 136: TypeError: gRecipeManager is null
console.warn: LoginRecipes: "getRecipes: falling back to a synchronous message for:" "https://login.ufl.edu"
JavaScript error: resource://gre/modules/LoginManagerParent.jsm, line 136: TypeError: gRecipeManager is null
console.warn: LoginRecipes: "getRecipes: falling back to a synchronous message for:" "https://login.ufl.edu"
JavaScript error: resource://gre/modules/LoginManagerParent.jsm, line 136: TypeError: gRecipeManager is null
console.warn: LoginRecipes: "getRecipes: falling back to a synchronous message for:" "https://login.ufl.edu"
JavaScript error: resource://gre/modules/LoginManagerParent.jsm, line 136: TypeError: gRecipeManager is null
console.warn: LoginRecipes: "getRecipes: falling back to a synchronous message for:" "https://login.ufl.edu"
JavaScript error: resource://gre/modules/LoginManagerParent.jsm, line 136: TypeError: gRecipeManager is null
JavaScript error: , line 0: uncaught exception: Object
JavaScript error: , line 0: uncaught exception: Object
JavaScript error: https://ufl.bluera.com/uflBlueConnector//Scripts/Canvas/BlueCanvas.min.js?1650163819684, line 1: NS_ERROR_FAILURE: 
JavaScript error: https://du11hjcvx0uqb.cloudfront.net/dist/webpack-production/main-e-f0de83acab.js, line 25: ChunkLoadError: Loading chunk 4262 failed.
(error: https://du11hjcvx0uqb.cloudfront.net/dist/webpack-production/4262-c-be18baad57.js)
JavaScript error: , line 0: TypeError: NetworkError when attempting to fetch resource.
1650164137337	geckodriver	INFO	Listening on 127.0.0.1:54709
1650164140325	mozrunner::runner	INFO	Running command: "C:\\Program Files\\Mozilla Firefox\\firefox.exe" "--marionette" "--remote-debugging-port" "54710" "-no-remote" "-profile" "C:\\Users\\nickh\\AppData\\Local\\Temp\\rust_mozprofileWLQGwc"
1650164140577	Marionette	INFO	Marionette enabled
console.warn: SearchSettings: "get: No settings file exists, new profile?" (new NotFoundError("Could not open the file at C:\\Users\\nickh\\AppData\\Local\\Temp\\rust_mozprofileWLQGwc\\search.json.mozlz4", (void 0)))
DevTools listening on ws://localhost:54710/devtools/browser/8b54450b-459d-43b7-b344-71e288080627
1650164141969	Marionette	INFO	Listening on port 54715
1650164142370	RemoteAgent	WARN	TLS certificate errors will be ignored for this session
1650164174001	Marionette	INFO	Stopped listening on port 54715
console.warn: TopSitesFeed: Failed to fetch data from Contile server: NetworkError when attempting to fetch resource.
JavaScript error: chrome://remote/content/marionette/cert.js, line 55: NS_ERROR_NOT_AVAILABLE: Component returned failure code: 0x80040111 (NS_ERROR_NOT_AVAILABLE) [nsICertOverrideService.setDisableAllSecurityChecksAndLetAttackersInterceptMyData]
[Parent 13100, IPC I/O Parent] WARNING: file /builds/worker/checkouts/gecko/ipc/chromium/src/base/process_util_win.cc:167
1650164321278	geckodriver	INFO	Listening on 127.0.0.1:54776
1650164324286	mozrunner::runner	INFO	Running command: "C:\\Program Files\\Mozilla Firefox\\firefox.exe" "--marionette" "--remote-debugging-port" "54777" "-no-remote" "-profile" "C:\\Users\\nickh\\AppData\\Local\\Temp\\rust_mozprofileaFzo3P"
1650164324541	Marionette	INFO	Marionette enabled
console.warn: SearchSettings: "get: No settings file exists, new profile?" (new NotFoundError("Could not open the file at C:\\Users\\nickh\\AppData\\Local\\Temp\\rust_mozprofileaFzo3P\\search.json.mozlz4", (void 0)))
DevTools listening on ws://localhost:54777/devtools/browser/fa99273a-9ef3-4637-94bb-9a8607ba9a7f
1650164325910	Marionette	INFO	Listening on port 54782
1650164326316	RemoteAgent	WARN	TLS certificate errors will be ignored for this session
1650164335848	Marionette	INFO	Stopped listening on port 54782
console.warn: TopSitesFeed: Failed to fetch data from Contile server: NetworkError when attempting to fetch resource.
JavaScript error: chrome://remote/content/marionette/cert.js, line 55: NS_ERROR_NOT_AVAILABLE: Component returned failure code: 0x80040111 (NS_ERROR_NOT_AVAILABLE) [nsICertOverrideService.setDisableAllSecurityChecksAndLetAttackersInterceptMyData]
1650164417252	geckodriver	INFO	Listening on 127.0.0.1:54843
1650164420264	mozrunner::runner	INFO	Running command: "C:\\Program Files\\Mozilla Firefox\\firefox.exe" "--marionette" "--remote-debugging-port" "54844" "-no-remote" "-profile" "C:\\Users\\nickh\\AppData\\Local\\Temp\\rust_mozprofiler6pI8a"
1650164420512	Marionette	INFO	Marionette enabled
console.warn: SearchSettings: "get: No settings file exists, new profile?" (new NotFoundError("Could not open the file at C:\\Users\\nickh\\AppData\\Local\\Temp\\rust_mozprofiler6pI8a\\search.json.mozlz4", (void 0)))
DevTools listening on ws://localhost:54844/devtools/browser/f2c12d3a-f40c-42a6-a73f-70bcf864eec4
1650164421894	Marionette	INFO	Listening on port 54849
1650164422319	RemoteAgent	WARN	TLS certificate errors will be ignored for this session
console.warn: LoginRecipes: "getRecipes: falling back to a synchronous message for:" "https://login.ufl.edu"
console.warn: LoginRecipes: "getRecipes: falling back to a synchronous message for:" "https://login.ufl.edu"
JavaScript error: resource://gre/modules/LoginManagerParent.jsm, line 136: TypeError: gRecipeManager is null
1650164444197	Marionette	WARN	Ignoring event 'DOMContentLoaded' because document has an invalid readyState of 'complete'.
console.warn: LoginRecipes: "getRecipes: falling back to a synchronous message for:" "https://api-46a3d6ac.duosecurity.com"
JavaScript error: resource://gre/modules/LoginManagerParent.jsm, line 136: TypeError: gRecipeManager is null
console.warn: LoginRecipes: "getRecipes: falling back to a synchronous message for:" "https://api-46a3d6ac.duosecurity.com"
JavaScript error: resource://gre/modules/LoginManagerParent.jsm, line 136: TypeError: gRecipeManager is null
1650164445196	Marionette	WARN	Ignoring event 'DOMContentLoaded' because document has an invalid readyState of 'complete'.
console.warn: LoginRecipes: "getRecipes: falling back to a synchronous message for:" "https://api-46a3d6ac.duosecurity.com"
JavaScript error: resource://gre/modules/LoginManagerParent.jsm, line 136: TypeError: gRecipeManager is null
console.warn: LoginRecipes: "getRecipes: falling back to a synchronous message for:" "https://login.ufl.edu"
JavaScript error: resource://gre/modules/LoginManagerParent.jsm, line 136: TypeError: gRecipeManager is null
console.warn: LoginRecipes: "getRecipes: falling back to a synchronous message for:" "https://login.ufl.edu"
JavaScript error: resource://gre/modules/LoginManagerParent.jsm, line 136: TypeError: gRecipeManager is null
console.warn: LoginRecipes: "getRecipes: falling back to a synchronous message for:" "https://login.ufl.edu"
JavaScript error: resource://gre/modules/LoginManagerParent.jsm, line 136: TypeError: gRecipeManager is null
console.warn: LoginRecipes: "getRecipes: falling back to a synchronous message for:" "https://login.ufl.edu"
JavaScript error: resource://gre/modules/LoginManagerParent.jsm, line 136: TypeError: gRecipeManager is null
JavaScript error: , line 0: uncaught exception: Object
JavaScript error: https://du11hjcvx0uqb.cloudfront.net/dist/webpack-production/main-e-f0de83acab.js, line 25: ChunkLoadError: Loading chunk 3750 failed.
(error: https://du11hjcvx0uqb.cloudfront.net/dist/webpack-production/canvas-rce-async-chunk-c-43126a7dcf.js)
JavaScript error: , line 0: TypeError: NetworkError when attempting to fetch resource.
JavaScript error: , line 0: TypeError: NetworkError when attempting to fetch resource.
JavaScript error: , line 0: TypeError: NetworkError when attempting to fetch resource.
JavaScript error: , line 0: TypeError: NetworkError when attempting to fetch resource.
JavaScript error: , line 0: uncaught exception: Object
JavaScript error: , line 0: uncaught exception: Object
JavaScript error: , line 0: TypeError: NetworkError when attempting to fetch resource.
JavaScript error: , line 0: uncaught exception: Object
console.warn: LoginRecipes: "getRecipes: falling back to a synchronous message for:" "https://ufl.instructure.com"
JavaScript error: resource://gre/modules/LoginManagerParent.jsm, line 136: TypeError: gRecipeManager is null
console.warn: LoginRecipes: "getRecipes: falling back to a synchronous message for:" "https://ufl.instructure.com"
JavaScript error: resource://gre/modules/LoginManagerParent.jsm, line 136: TypeError: gRecipeManager is null
1650164622036	Marionette	INFO	Stopped listening on port 54849
console.warn: TopSitesFeed: Failed to fetch data from Contile server: NetworkError when attempting to fetch resource.

###!!! [Parent][PGPUParent] Error: RunMessage(msgname=PGPU::Msg_ShutdownVR) Channel closing: too late to send/recv, messages will be lost

1650165611040	geckodriver	INFO	Listening on 127.0.0.1:55092
1650165614023	mozrunner::runner	INFO	Running command: "C:\\Program Files\\Mozilla Firefox\\firefox.exe" "--marionette" "--remote-debugging-port" "55093" "-no-remote" "-profile" "C:\\Users\\nickh\\AppData\\Local\\Temp\\rust_mozprofilexQNjgl"
1650165614281	Marionette	INFO	Marionette enabled
console.warn: SearchSettings: "get: No settings file exists, new profile?" (new NotFoundError("Could not open the file at C:\\Users\\nickh\\AppData\\Local\\Temp\\rust_mozprofilexQNjgl\\search.json.mozlz4", (void 0)))
DevTools listening on ws://localhost:55093/devtools/browser/2cd06784-1483-478f-995b-5aab550f7c54
1650165615851	Marionette	INFO	Listening on port 55098
1650165616076	RemoteAgent	WARN	TLS certificate errors will be ignored for this session
console.warn: LoginRecipes: "getRecipes: falling back to a synchronous message for:" "https://login.ufl.edu"
console.warn: LoginRecipes: "getRecipes: falling back to a synchronous message for:" "https://login.ufl.edu"
JavaScript error: resource://gre/modules/LoginManagerParent.jsm, line 136: TypeError: gRecipeManager is null
1650165626511	Marionette	WARN	Ignoring event 'DOMContentLoaded' because document has an invalid readyState of 'complete'.
console.warn: LoginRecipes: "getRecipes: falling back to a synchronous message for:" "https://api-46a3d6ac.duosecurity.com"
JavaScript error: resource://gre/modules/LoginManagerParent.jsm, line 136: TypeError: gRecipeManager is null
console.warn: LoginRecipes: "getRecipes: falling back to a synchronous message for:" "https://api-46a3d6ac.duosecurity.com"
JavaScript error: resource://gre/modules/LoginManagerParent.jsm, line 136: TypeError: gRecipeManager is null
1650165627536	Marionette	WARN	Ignoring event 'DOMContentLoaded' because document has an invalid readyState of 'complete'.
console.warn: LoginRecipes: "getRecipes: falling back to a synchronous message for:" "https://api-46a3d6ac.duosecurity.com"
JavaScript error: resource://gre/modules/LoginManagerParent.jsm, line 136: TypeError: gRecipeManager is null
console.warn: LoginRecipes: "getRecipes: falling back to a synchronous message for:" "https://login.ufl.edu"
JavaScript error: resource://gre/modules/LoginManagerParent.jsm, line 136: TypeError: gRecipeManager is null
console.warn: LoginRecipes: "getRecipes: falling back to a synchronous message for:" "https://login.ufl.edu"
JavaScript error: resource://gre/modules/LoginManagerParent.jsm, line 136: TypeError: gRecipeManager is null
console.warn: LoginRecipes: "getRecipes: falling back to a synchronous message for:" "https://login.ufl.edu"
JavaScript error: resource://gre/modules/LoginManagerParent.jsm, line 136: TypeError: gRecipeManager is null
console.warn: LoginRecipes: "getRecipes: falling back to a synchronous message for:" "https://login.ufl.edu"
JavaScript error: resource://gre/modules/LoginManagerParent.jsm, line 136: TypeError: gRecipeManager is null
JavaScript error: , line 0: uncaught exception: Object
JavaScript error: , line 0: uncaught exception: Object
JavaScript error: , line 0: uncaught exception: Object
JavaScript error: , line 0: TypeError: NetworkError when attempting to fetch resource.
console.warn: LoginRecipes: "getRecipes: falling back to a synchronous message for:" "https://ufl.instructure.com"
JavaScript error: resource://gre/modules/LoginManagerParent.jsm, line 136: TypeError: gRecipeManager is null
console.warn: LoginRecipes: "getRecipes: falling back to a synchronous message for:" "https://ufl.instructure.com"
JavaScript error: resource://gre/modules/LoginManagerParent.jsm, line 136: TypeError: gRecipeManager is null
1650165682399	Marionette	INFO	Stopped listening on port 55098
console.warn: TopSitesFeed: Failed to fetch data from Contile server: NetworkError when attempting to fetch resource.
JavaScript error: chrome://remote/content/marionette/cert.js, line 55: NS_ERROR_NOT_AVAILABLE: Component returned failure code: 0x80040111 (NS_ERROR_NOT_AVAILABLE) [nsICertOverrideService.setDisableAllSecurityChecksAndLetAttackersInterceptMyData]
1650165691041	geckodriver	INFO	Listening on 127.0.0.1:55251
1650165694033	mozrunner::runner	INFO	Running command: "C:\\Program Files\\Mozilla Firefox\\firefox.exe" "--marionette" "--remote-debugging-port" "55252" "-no-remote" "-profile" "C:\\Users\\nickh\\AppData\\Local\\Temp\\rust_mozprofile55KCOd"
1650165694303	Marionette	INFO	Marionette enabled
console.warn: SearchSettings: "get: No settings file exists, new profile?" (new NotFoundError("Could not open the file at C:\\Users\\nickh\\AppData\\Local\\Temp\\rust_mozprofile55KCOd\\search.json.mozlz4", (void 0)))
DevTools listening on ws://localhost:55252/devtools/browser/fca700ff-2ace-4cf2-957c-7fc7d4d2b3b2
1650165695690	Marionette	INFO	Listening on port 55257
1650165696087	RemoteAgent	WARN	TLS certificate errors will be ignored for this session
console.warn: LoginRecipes: "getRecipes: falling back to a synchronous message for:" "https://login.ufl.edu"
console.warn: LoginRecipes: "getRecipes: falling back to a synchronous message for:" "https://login.ufl.edu"
JavaScript error: resource://gre/modules/LoginManagerParent.jsm, line 136: TypeError: gRecipeManager is null
console.warn: LoginRecipes: "getRecipes: falling back to a synchronous message for:" "https://api-46a3d6ac.duosecurity.com"
JavaScript error: resource://gre/modules/LoginManagerParent.jsm, line 136: TypeError: gRecipeManager is null
console.warn: LoginRecipes: "getRecipes: falling back to a synchronous message for:" "https://api-46a3d6ac.duosecurity.com"
JavaScript error: resource://gre/modules/LoginManagerParent.jsm, line 136: TypeError: gRecipeManager is null
1650165708804	Marionette	WARN	Ignoring event 'DOMContentLoaded' because document has an invalid readyState of 'complete'.
console.warn: LoginRecipes: "getRecipes: falling back to a synchronous message for:" "https://api-46a3d6ac.duosecurity.com"
JavaScript error: resource://gre/modules/LoginManagerParent.jsm, line 136: TypeError: gRecipeManager is null
console.warn: LoginRecipes: "getRecipes: falling back to a synchronous message for:" "https://login.ufl.edu"
JavaScript error: resource://gre/modules/LoginManagerParent.jsm, line 136: TypeError: gRecipeManager is null
console.warn: LoginRecipes: "getRecipes: falling back to a synchronous message for:" "https://login.ufl.edu"
JavaScript error: resource://gre/modules/LoginManagerParent.jsm, line 136: TypeError: gRecipeManager is null
console.warn: LoginRecipes: "getRecipes: falling back to a synchronous message for:" "https://login.ufl.edu"
JavaScript error: resource://gre/modules/LoginManagerParent.jsm, line 136: TypeError: gRecipeManager is null
console.warn: LoginRecipes: "getRecipes: falling back to a synchronous message for:" "https://login.ufl.edu"
JavaScript error: resource://gre/modules/LoginManagerParent.jsm, line 136: TypeError: gRecipeManager is null
JavaScript error: , line 0: TypeError: NetworkError when attempting to fetch resource.
JavaScript error: https://du11hjcvx0uqb.cloudfront.net/dist/webpack-production/main-e-f0de83acab.js, line 25: ChunkLoadError: Loading chunk 3750 failed.
(error: https://du11hjcvx0uqb.cloudfront.net/dist/webpack-production/canvas-rce-async-chunk-c-43126a7dcf.js)
JavaScript error: , line 0: TypeError: NetworkError when attempting to fetch resource.
JavaScript error: , line 0: uncaught exception: Object
JavaScript error: , line 0: uncaught exception: Object
JavaScript error: , line 0: uncaught exception: Object
JavaScript error: , line 0: TypeError: NetworkError when attempting to fetch resource.
JavaScript error: https://du11hjcvx0uqb.cloudfront.net/dist/webpack-production/main-e-f0de83acab.js, line 25: ChunkLoadError: Loading chunk 4262 failed.
(error: https://du11hjcvx0uqb.cloudfront.net/dist/webpack-production/4262-c-be18baad57.js)
JavaScript error: , line 0: uncaught exception: Object
console.warn: LoginRecipes: "getRecipes: falling back to a synchronous message for:" "https://ufl.instructure.com"
JavaScript error: resource://gre/modules/LoginManagerParent.jsm, line 136: TypeError: gRecipeManager is null
console.warn: LoginRecipes: "getRecipes: falling back to a synchronous message for:" "https://ufl.instructure.com"
JavaScript error: resource://gre/modules/LoginManagerParent.jsm, line 136: TypeError: gRecipeManager is null
1650165816202	geckodriver	INFO	Listening on 127.0.0.1:55401
1650165819194	mozrunner::runner	INFO	Running command: "C:\\Program Files\\Mozilla Firefox\\firefox.exe" "--marionette" "--remote-debugging-port" "55402" "-no-remote" "-profile" "C:\\Users\\nickh\\AppData\\Local\\Temp\\rust_mozprofileiMWyJx"
1650165819449	Marionette	INFO	Marionette enabled
console.warn: SearchSettings: "get: No settings file exists, new profile?" (new NotFoundError("Could not open the file at C:\\Users\\nickh\\AppData\\Local\\Temp\\rust_mozprofileiMWyJx\\search.json.mozlz4", (void 0)))
DevTools listening on ws://localhost:55402/devtools/browser/57d8fcb1-6544-4241-9221-6f478098d12e
1650165820848	Marionette	INFO	Listening on port 55407
1650165821254	RemoteAgent	WARN	TLS certificate errors will be ignored for this session
console.warn: LoginRecipes: "getRecipes: falling back to a synchronous message for:" "https://login.ufl.edu"
console.warn: LoginRecipes: "getRecipes: falling back to a synchronous message for:" "https://login.ufl.edu"
JavaScript error: resource://gre/modules/LoginManagerParent.jsm, line 136: TypeError: gRecipeManager is null
1650165831737	Marionette	WARN	Ignoring event 'DOMContentLoaded' because document has an invalid readyState of 'complete'.
console.warn: LoginRecipes: "getRecipes: falling back to a synchronous message for:" "https://api-46a3d6ac.duosecurity.com"
JavaScript error: resource://gre/modules/LoginManagerParent.jsm, line 136: TypeError: gRecipeManager is null
console.warn: LoginRecipes: "getRecipes: falling back to a synchronous message for:" "https://api-46a3d6ac.duosecurity.com"
JavaScript error: resource://gre/modules/LoginManagerParent.jsm, line 136: TypeError: gRecipeManager is null
1650165832633	Marionette	WARN	Ignoring event 'DOMContentLoaded' because document has an invalid readyState of 'complete'.
console.warn: LoginRecipes: "getRecipes: falling back to a synchronous message for:" "https://api-46a3d6ac.duosecurity.com"
JavaScript error: resource://gre/modules/LoginManagerParent.jsm, line 136: TypeError: gRecipeManager is null
console.warn: LoginRecipes: "getRecipes: falling back to a synchronous message for:" "https://login.ufl.edu"
JavaScript error: resource://gre/modules/LoginManagerParent.jsm, line 136: TypeError: gRecipeManager is null
console.warn: LoginRecipes: "getRecipes: falling back to a synchronous message for:" "https://login.ufl.edu"
JavaScript error: resource://gre/modules/LoginManagerParent.jsm, line 136: TypeError: gRecipeManager is null
console.warn: LoginRecipes: "getRecipes: falling back to a synchronous message for:" "https://login.ufl.edu"
JavaScript error: resource://gre/modules/LoginManagerParent.jsm, line 136: TypeError: gRecipeManager is null
console.warn: LoginRecipes: "getRecipes: falling back to a synchronous message for:" "https://login.ufl.edu"
JavaScript error: resource://gre/modules/LoginManagerParent.jsm, line 136: TypeError: gRecipeManager is null
JavaScript error: , line 0: TypeError: NetworkError when attempting to fetch resource.
JavaScript error: , line 0: uncaught exception: Object
JavaScript error: https://du11hjcvx0uqb.cloudfront.net/dist/webpack-production/main-e-f0de83acab.js, line 25: ChunkLoadError: Loading chunk 3750 failed.
(error: https://du11hjcvx0uqb.cloudfront.net/dist/webpack-production/canvas-rce-async-chunk-c-43126a7dcf.js)
JavaScript error: , line 0: uncaught exception: Object
JavaScript error: , line 0: uncaught exception: Object
JavaScript error: , line 0: TypeError: NetworkError when attempting to fetch resource.
JavaScript error: , line 0: uncaught exception: Object
JavaScript error: https://du11hjcvx0uqb.cloudfront.net/dist/webpack-production/main-e-f0de83acab.js, line 25: ChunkLoadError: Loading chunk 4262 failed.
(error: https://du11hjcvx0uqb.cloudfront.net/dist/webpack-production/4262-c-be18baad57.js)
JavaScript error: https://du11hjcvx0uqb.cloudfront.net/dist/webpack-production/main-e-f0de83acab.js, line 25: ChunkLoadError: Loading chunk 36 failed.
(error: https://du11hjcvx0uqb.cloudfront.net/dist/webpack-production/36-c-612330e3c9.js)
console.warn: LoginRecipes: "getRecipes: falling back to a synchronous message for:" "https://ufl.instructure.com"
JavaScript error: resource://gre/modules/LoginManagerParent.jsm, line 136: TypeError: gRecipeManager is null
console.warn: LoginRecipes: "getRecipes: falling back to a synchronous message for:" "https://ufl.instructure.com"
JavaScript error: resource://gre/modules/LoginManagerParent.jsm, line 136: TypeError: gRecipeManager is null
1650165962064	Marionette	INFO	Stopped listening on port 55407
console.warn: TopSitesFeed: Failed to fetch data from Contile server: NetworkError when attempting to fetch resource.
JavaScript error: chrome://remote/content/marionette/cert.js, line 55: NS_ERROR_NOT_AVAILABLE: Component returned failure code: 0x80040111 (NS_ERROR_NOT_AVAILABLE) [nsICertOverrideService.setDisableAllSecurityChecksAndLetAttackersInterceptMyData]
[Parent 14780, IPC I/O Parent] WARNING: file /builds/worker/checkouts/gecko/ipc/chromium/src/base/process_util_win.cc:167
1650165985877	geckodriver	INFO	Listening on 127.0.0.1:55549
1650165988902	mozrunner::runner	INFO	Running command: "C:\\Program Files\\Mozilla Firefox\\firefox.exe" "--marionette" "--remote-debugging-port" "55550" "-no-remote" "-profile" "C:\\Users\\nickh\\AppData\\Local\\Temp\\rust_mozprofileeIkh54"
1650165989161	Marionette	INFO	Marionette enabled
console.warn: SearchSettings: "get: No settings file exists, new profile?" (new NotFoundError("Could not open the file at C:\\Users\\nickh\\AppData\\Local\\Temp\\rust_mozprofileeIkh54\\search.json.mozlz4", (void 0)))
DevTools listening on ws://localhost:55550/devtools/browser/d36da5d3-b338-428a-8f24-2a2bc761ce61
1650165990552	Marionette	INFO	Listening on port 55555
1650165990943	RemoteAgent	WARN	TLS certificate errors will be ignored for this session
console.warn: LoginRecipes: "getRecipes: falling back to a synchronous message for:" "https://login.ufl.edu"
console.warn: LoginRecipes: "getRecipes: falling back to a synchronous message for:" "https://login.ufl.edu"
JavaScript error: resource://gre/modules/LoginManagerParent.jsm, line 136: TypeError: gRecipeManager is null
1650166003540	Marionette	WARN	Ignoring event 'DOMContentLoaded' because document has an invalid readyState of 'complete'.
console.warn: LoginRecipes: "getRecipes: falling back to a synchronous message for:" "https://api-46a3d6ac.duosecurity.com"
JavaScript error: resource://gre/modules/LoginManagerParent.jsm, line 136: TypeError: gRecipeManager is null
console.warn: LoginRecipes: "getRecipes: falling back to a synchronous message for:" "https://api-46a3d6ac.duosecurity.com"
JavaScript error: resource://gre/modules/LoginManagerParent.jsm, line 136: TypeError: gRecipeManager is null
1650166004517	Marionette	WARN	Ignoring event 'DOMContentLoaded' because document has an invalid readyState of 'complete'.
console.warn: LoginRecipes: "getRecipes: falling back to a synchronous message for:" "https://api-46a3d6ac.duosecurity.com"
JavaScript error: resource://gre/modules/LoginManagerParent.jsm, line 136: TypeError: gRecipeManager is null
console.warn: LoginRecipes: "getRecipes: falling back to a synchronous message for:" "https://login.ufl.edu"
JavaScript error: resource://gre/modules/LoginManagerParent.jsm, line 136: TypeError: gRecipeManager is null
console.warn: LoginRecipes: "getRecipes: falling back to a synchronous message for:" "https://login.ufl.edu"
JavaScript error: resource://gre/modules/LoginManagerParent.jsm, line 136: TypeError: gRecipeManager is null
console.warn: LoginRecipes: "getRecipes: falling back to a synchronous message for:" "https://login.ufl.edu"
JavaScript error: resource://gre/modules/LoginManagerParent.jsm, line 136: TypeError: gRecipeManager is null
console.warn: LoginRecipes: "getRecipes: falling back to a synchronous message for:" "https://login.ufl.edu"
JavaScript error: resource://gre/modules/LoginManagerParent.jsm, line 136: TypeError: gRecipeManager is null
JavaScript error: , line 0: uncaught exception: Object
JavaScript error: https://du11hjcvx0uqb.cloudfront.net/dist/webpack-production/main-e-f0de83acab.js, line 25: ChunkLoadError: Loading chunk 36 failed.
(error: https://du11hjcvx0uqb.cloudfront.net/dist/webpack-production/36-c-612330e3c9.js)
JavaScript error: https://du11hjcvx0uqb.cloudfront.net/dist/webpack-production/main-e-f0de83acab.js, line 25: ChunkLoadError: Loading chunk 3750 failed.
(error: https://du11hjcvx0uqb.cloudfront.net/dist/webpack-production/canvas-rce-async-chunk-c-43126a7dcf.js)
JavaScript error: , line 0: uncaught exception: Object
JavaScript error: , line 0: uncaught exception: Object
JavaScript error: , line 0: TypeError: NetworkError when attempting to fetch resource.
JavaScript error: , line 0: uncaught exception: Object
console.warn: LoginRecipes: "getRecipes: falling back to a synchronous message for:" "https://ufl.instructure.com"
JavaScript error: resource://gre/modules/LoginManagerParent.jsm, line 136: TypeError: gRecipeManager is null
console.warn: LoginRecipes: "getRecipes: falling back to a synchronous message for:" "https://ufl.instructure.com"
JavaScript error: resource://gre/modules/LoginManagerParent.jsm, line 136: TypeError: gRecipeManager is null
1650166111664	Marionette	INFO	Stopped listening on port 55555
console.warn: TopSitesFeed: Failed to fetch data from Contile server: NetworkError when attempting to fetch resource.
[Parent 21584, IPC I/O Parent] WARNING: file /builds/worker/checkouts/gecko/ipc/chromium/src/base/process_util_win.cc:167

###!!! [Parent][PGPUParent] Error: RunMessage(msgname=PGPU::Msg_ShutdownVR) Channel closing: too late to send/recv, messages will be lost

uld not open the file at C:\\Users\\nickh\\AppData\\Local\\Temp\\rust_mozprofilevQpaSl\\search.json.mozlz4", (void 0)))
DevTools listening on ws://localhost:55702/devtools/browser/ac9e80f9-88f4-4519-a730-6c3b84b87be5
1650166110764	Marionette	INFO	Listening on port 55707
1650166111060	Marionette	INFO	Stopped listening on port 55707
console.warn: TopSitesFeed: Failed to fetch data from Contile server: NetworkError when attempting to fetch resource.
JavaScript error: resource://services-settings/RemoteSettingsWorker.jsm, line 143: Error: Shutdown, aborting read-only worker requests.
1650166124153	geckodriver	INFO	Listening on 127.0.0.1:55743
1650166127156	mozrunner::runner	INFO	Running command: "C:\\Program Files\\Mozilla Firefox\\firefox.exe" "--marionette" "--remote-debugging-port" "55744" "-no-remote" "-profile" "C:\\Users\\nickh\\AppData\\Local\\Temp\\rust_mozprofilexoVO5S"
1650166127412	Marionette	INFO	Marionette enabled
console.warn: SearchSettings: "get: No settings file exists, new profile?" (new NotFoundError("Could not open the file at C:\\Users\\nickh\\AppData\\Local\\Temp\\rust_mozprofilexoVO5S\\search.json.mozlz4", (void 0)))
DevTools listening on ws://localhost:55744/devtools/browser/7fbbbf0f-7836-4353-b706-a511434815e7
1650166128847	Marionette	INFO	Listening on port 55750
1650166129198	RemoteAgent	WARN	TLS certificate errors will be ignored for this session
console.warn: LoginRecipes: "getRecipes: falling back to a synchronous message for:" "https://login.ufl.edu"
console.warn: LoginRecipes: "getRecipes: falling back to a synchronous message for:" "https://login.ufl.edu"
JavaScript error: resource://gre/modules/LoginManagerParent.jsm, line 136: TypeError: gRecipeManager is null
1650166144064	Marionette	WARN	Ignoring event 'DOMContentLoaded' because document has an invalid readyState of 'complete'.
console.warn: LoginRecipes: "getRecipes: falling back to a synchronous message for:" "https://api-46a3d6ac.duosecurity.com"
JavaScript error: resource://gre/modules/LoginManagerParent.jsm, line 136: TypeError: gRecipeManager is null
console.warn: LoginRecipes: "getRecipes: falling back to a synchronous message for:" "https://api-46a3d6ac.duosecurity.com"
JavaScript error: resource://gre/modules/LoginManagerParent.jsm, line 136: TypeError: gRecipeManager is null
1650166144987	Marionette	WARN	Ignoring event 'DOMContentLoaded' because document has an invalid readyState of 'complete'.
console.warn: LoginRecipes: "getRecipes: falling back to a synchronous message for:" "https://api-46a3d6ac.duosecurity.com"
JavaScript error: resource://gre/modules/LoginManagerParent.jsm, line 136: TypeError: gRecipeManager is null
console.warn: LoginRecipes: "getRecipes: falling back to a synchronous message for:" "https://login.ufl.edu"
JavaScript error: resource://gre/modules/LoginManagerParent.jsm, line 136: TypeError: gRecipeManager is null
console.warn: LoginRecipes: "getRecipes: falling back to a synchronous message for:" "https://login.ufl.edu"
JavaScript error: resource://gre/modules/LoginManagerParent.jsm, line 136: TypeError: gRecipeManager is null
console.warn: LoginRecipes: "getRecipes: falling back to a synchronous message for:" "https://login.ufl.edu"
JavaScript error: resource://gre/modules/LoginManagerParent.jsm, line 136: TypeError: gRecipeManager is null
console.warn: LoginRecipes: "getRecipes: falling back to a synchronous message for:" "https://login.ufl.edu"
JavaScript error: resource://gre/modules/LoginManagerParent.jsm, line 136: TypeError: gRecipeManager is null
JavaScript error: , line 0: uncaught exception: Object
JavaScript error: https://du11hjcvx0uqb.cloudfront.net/dist/webpack-production/main-e-f0de83acab.js, line 25: ChunkLoadError: Loading chunk 3750 failed.
(error: https://du11hjcvx0uqb.cloudfront.net/dist/webpack-production/canvas-rce-async-chunk-c-43126a7dcf.js)
JavaScript error: , line 0: uncaught exception: Object
JavaScript error: , line 0: uncaught exception: Object
JavaScript error: , line 0: uncaught exception: Object
JavaScript error: , line 0: TypeError: NetworkError when attempting to fetch resource.
JavaScript error: , line 0: uncaught exception: Object
JavaScript error: , line 0: uncaught exception: Object
console.warn: LoginRecipes: "getRecipes: falling back to a synchronous message for:" "https://ufl.instructure.com"
JavaScript error: resource://gre/modules/LoginManagerParent.jsm, line 136: TypeError: gRecipeManager is null
console.warn: LoginRecipes: "getRecipes: falling back to a synchronous message for:" "https://ufl.instructure.com"
JavaScript error: resource://gre/modules/LoginManagerParent.jsm, line 136: TypeError: gRecipeManager is null
1650166202477	Marionette	INFO	Stopped listening on port 55750
console.warn: TopSitesFeed: Failed to fetch data from Contile server: NetworkError when attempting to fetch resource.
JavaScript error: chrome://remote/content/marionette/cert.js, line 55: NS_ERROR_NOT_AVAILABLE: Component returned failure code: 0x80040111 (NS_ERROR_NOT_AVAILABLE) [nsICertOverrideService.setDisableAllSecurityChecksAndLetAttackersInterceptMyData]
1650166286314	geckodriver	INFO	Listening on 127.0.0.1:55899
1650166289300	mozrunner::runner	INFO	Running command: "C:\\Program Files\\Mozilla Firefox\\firefox.exe" "--marionette" "--remote-debugging-port" "55900" "-no-remote" "-profile" "C:\\Users\\nickh\\AppData\\Local\\Temp\\rust_mozprofileBB74zb"
1650166289557	Marionette	INFO	Marionette enabled
console.warn: SearchSettings: "get: No settings file exists, new profile?" (new NotFoundError("Could not open the file at C:\\Users\\nickh\\AppData\\Local\\Temp\\rust_mozprofileBB74zb\\search.json.mozlz4", (void 0)))
DevTools listening on ws://localhost:55900/devtools/browser/647de9d6-8624-4727-8b28-bb4dc7cb65b7
1650166290962	Marionette	INFO	Listening on port 55905
1650166291333	RemoteAgent	WARN	TLS certificate errors will be ignored for this session
console.warn: LoginRecipes: "getRecipes: falling back to a synchronous message for:" "https://login.ufl.edu"
console.warn: LoginRecipes: "getRecipes: falling back to a synchronous message for:" "https://login.ufl.edu"
JavaScript error: resource://gre/modules/LoginManagerParent.jsm, line 136: TypeError: gRecipeManager is null
1650166303364	Marionette	WARN	Ignoring event 'DOMContentLoaded' because document has an invalid readyState of 'complete'.
console.warn: LoginRecipes: "getRecipes: falling back to a synchronous message for:" "https://api-46a3d6ac.duosecurity.com"
JavaScript error: resource://gre/modules/LoginManagerParent.jsm, line 136: TypeError: gRecipeManager is null
console.warn: LoginRecipes: "getRecipes: falling back to a synchronous message for:" "https://api-46a3d6ac.duosecurity.com"
JavaScript error: resource://gre/modules/LoginManagerParent.jsm, line 136: TypeError: gRecipeManager is null
1650166304281	Marionette	WARN	Ignoring event 'DOMContentLoaded' because document has an invalid readyState of 'complete'.
console.warn: LoginRecipes: "getRecipes: falling back to a synchronous message for:" "https://api-46a3d6ac.duosecurity.com"
JavaScript error: resource://gre/modules/LoginManagerParent.jsm, line 136: TypeError: gRecipeManager is null
console.warn: LoginRecipes: "getRecipes: falling back to a synchronous message for:" "https://login.ufl.edu"
JavaScript error: resource://gre/modules/LoginManagerParent.jsm, line 136: TypeError: gRecipeManager is null
console.warn: LoginRecipes: "getRecipes: falling back to a synchronous message for:" "https://login.ufl.edu"
JavaScript error: resource://gre/modules/LoginManagerParent.jsm, line 136: TypeError: gRecipeManager is null
console.warn: LoginRecipes: "getRecipes: falling back to a synchronous message for:" "https://login.ufl.edu"
JavaScript error: resource://gre/modules/LoginManagerParent.jsm, line 136: TypeError: gRecipeManager is null
console.warn: LoginRecipes: "getRecipes: falling back to a synchronous message for:" "https://login.ufl.edu"
JavaScript error: resource://gre/modules/LoginManagerParent.jsm, line 136: TypeError: gRecipeManager is null
JavaScript error: , line 0: uncaught exception: Object
JavaScript error: https://du11hjcvx0uqb.cloudfront.net/dist/webpack-production/main-e-f0de83acab.js, line 25: ChunkLoadError: Loading chunk 3750 failed.
(error: https://du11hjcvx0uqb.cloudfront.net/dist/webpack-production/canvas-rce-async-chunk-c-43126a7dcf.js)
JavaScript error: , line 0: uncaught exception: Object
JavaScript error: https://ufl.bluera.com/uflBlueConnector//Scripts/Canvas/BlueCanvas.min.js?1650166321341, line 1: NS_ERROR_FAILURE: 
JavaScript error: , line 0: TypeError: NetworkError when attempting to fetch resource.
console.warn: LoginRecipes: "getRecipes: falling back to a synchronous message for:" "https://ufl.instructure.com"
JavaScript error: resource://gre/modules/LoginManagerParent.jsm, line 136: TypeError: gRecipeManager is null
console.warn: LoginRecipes: "getRecipes: falling back to a synchronous message for:" "https://ufl.instructure.com"
JavaScript error: resource://gre/modules/LoginManagerParent.jsm, line 136: TypeError: gRecipeManager is null
1650166369819	Marionette	INFO	Stopped listening on port 55905
console.warn: TopSitesFeed: Failed to fetch data from Contile server: NetworkError when attempting to fetch resource.

###!!! [Parent][PGPUParent] Error: RunMessage(msgname=PGPU::Msg_ShutdownVR) Channel closing: too late to send/recv, messages will be lost

1650166572358	geckodriver	INFO	Listening on 127.0.0.1:56072
1650166575382	mozrunner::runner	INFO	Running command: "C:\\Program Files\\Mozilla Firefox\\firefox.exe" "--marionette" "--remote-debugging-port" "56073" "-no-remote" "-profile" "C:\\Users\\nickh\\AppData\\Local\\Temp\\rust_mozprofileatCC64"
1650166575635	Marionette	INFO	Marionette enabled
console.warn: SearchSettings: "get: No settings file exists, new profile?" (new NotFoundError("Could not open the file at C:\\Users\\nickh\\AppData\\Local\\Temp\\rust_mozprofileatCC64\\search.json.mozlz4", (void 0)))
DevTools listening on ws://localhost:56073/devtools/browser/2175091d-39ab-40aa-a0ba-b470171933bf
1650166576989	Marionette	INFO	Listening on port 56078
1650166577442	RemoteAgent	WARN	TLS certificate errors will be ignored for this session
console.warn: LoginRecipes: "getRecipes: falling back to a synchronous message for:" "https://login.ufl.edu"
console.warn: LoginRecipes: "getRecipes: falling back to a synchronous message for:" "https://login.ufl.edu"
JavaScript error: resource://gre/modules/LoginManagerParent.jsm, line 136: TypeError: gRecipeManager is null
1650166590207	Marionette	WARN	Ignoring event 'DOMContentLoaded' because document has an invalid readyState of 'complete'.
console.warn: LoginRecipes: "getRecipes: falling back to a synchronous message for:" "https://api-46a3d6ac.duosecurity.com"
JavaScript error: resource://gre/modules/LoginManagerParent.jsm, line 136: TypeError: gRecipeManager is null
console.warn: LoginRecipes: "getRecipes: falling back to a synchronous message for:" "https://api-46a3d6ac.duosecurity.com"
JavaScript error: resource://gre/modules/LoginManagerParent.jsm, line 136: TypeError: gRecipeManager is null
1650166591307	Marionette	WARN	Ignoring event 'DOMContentLoaded' because document has an invalid readyState of 'complete'.
console.warn: LoginRecipes: "getRecipes: falling back to a synchronous message for:" "https://api-46a3d6ac.duosecurity.com"
JavaScript error: resource://gre/modules/LoginManagerParent.jsm, line 136: TypeError: gRecipeManager is null
console.warn: LoginRecipes: "getRecipes: falling back to a synchronous message for:" "https://login.ufl.edu"
JavaScript error: resource://gre/modules/LoginManagerParent.jsm, line 136: TypeError: gRecipeManager is null
console.warn: LoginRecipes: "getRecipes: falling back to a synchronous message for:" "https://login.ufl.edu"
JavaScript error: resource://gre/modules/LoginManagerParent.jsm, line 136: TypeError: gRecipeManager is null
console.warn: LoginRecipes: "getRecipes: falling back to a synchronous message for:" "https://login.ufl.edu"
JavaScript error: resource://gre/modules/LoginManagerParent.jsm, line 136: TypeError: gRecipeManager is null
console.warn: LoginRecipes: "getRecipes: falling back to a synchronous message for:" "https://login.ufl.edu"
JavaScript error: resource://gre/modules/LoginManagerParent.jsm, line 136: TypeError: gRecipeManager is null
JavaScript error: https://du11hjcvx0uqb.cloudfront.net/dist/webpack-production/main-e-f0de83acab.js, line 25: ChunkLoadError: Loading chunk 3750 failed.
(error: https://du11hjcvx0uqb.cloudfront.net/dist/webpack-production/canvas-rce-async-chunk-c-43126a7dcf.js)
JavaScript error: , line 0: uncaught exception: Object
JavaScript error: , line 0: uncaught exception: Object
JavaScript error: https://ufl.bluera.com/uflBlueConnector//Scripts/Canvas/BlueCanvas.min.js?1650166600727, line 1: NS_ERROR_FAILURE: 
JavaScript error: https://du11hjcvx0uqb.cloudfront.net/dist/webpack-production/main-e-f0de83acab.js, line 25: ChunkLoadError: Loading chunk 4262 failed.
(error: https://du11hjcvx0uqb.cloudfront.net/dist/webpack-production/4262-c-be18baad57.js)
JavaScript error: , line 0: TypeError: NetworkError when attempting to fetch resource.
JavaScript error: , line 0: uncaught exception: Object
JavaScript error: https://du11hjcvx0uqb.cloudfront.net/dist/webpack-production/main-e-f0de83acab.js, line 25: ChunkLoadError: Loading chunk 73 failed.
(error: https://du11hjcvx0uqb.cloudfront.net/dist/webpack-production/73-c-f7f641e343.js)
console.warn: LoginRecipes: "getRecipes: falling back to a synchronous message for:" "https://ufl.instructure.com"
JavaScript error: resource://gre/modules/LoginManagerParent.jsm, line 136: TypeError: gRecipeManager is null
console.warn: LoginRecipes: "getRecipes: falling back to a synchronous message for:" "https://ufl.instructure.com"
JavaScript error: resource://gre/modules/LoginManagerParent.jsm, line 136: TypeError: gRecipeManager is null
1650166629896	Marionette	INFO	Stopped listening on port 56078
console.warn: TopSitesFeed: Failed to fetch data from Contile server: NetworkError when attempting to fetch resource.
[Parent 6792, IPC I/O Parent] WARNING: file /builds/worker/checkouts/gecko/ipc/chromium/src/base/process_util_win.cc:167
1650166729600	geckodriver	INFO	Listening on 127.0.0.1:56219
1650166732631	mozrunner::runner	INFO	Running command: "C:\\Program Files\\Mozilla Firefox\\firefox.exe" "--marionette" "--remote-debugging-port" "56220" "-no-remote" "-profile" "C:\\Users\\nickh\\AppData\\Local\\Temp\\rust_mozprofileIUdrWh"
1650166732888	Marionette	INFO	Marionette enabled
console.warn: SearchSettings: "get: No settings file exists, new profile?" (new NotFoundError("Could not open the file at C:\\Users\\nickh\\AppData\\Local\\Temp\\rust_mozprofileIUdrWh\\search.json.mozlz4", (void 0)))
DevTools listening on ws://localhost:56220/devtools/browser/edc8edbe-5e24-413c-b586-b424a407210c
1650166734263	Marionette	INFO	Listening on port 56225
1650166734682	RemoteAgent	WARN	TLS certificate errors will be ignored for this session
console.warn: LoginRecipes: "getRecipes: falling back to a synchronous message for:" "https://login.ufl.edu"
console.warn: LoginRecipes: "getRecipes: falling back to a synchronous message for:" "https://login.ufl.edu"
JavaScript error: resource://gre/modules/LoginManagerParent.jsm, line 136: TypeError: gRecipeManager is null
1650166746772	Marionette	WARN	Ignoring event 'DOMContentLoaded' because document has an invalid readyState of 'complete'.
console.warn: LoginRecipes: "getRecipes: falling back to a synchronous message for:" "https://api-46a3d6ac.duosecurity.com"
JavaScript error: resource://gre/modules/LoginManagerParent.jsm, line 136: TypeError: gRecipeManager is null
console.warn: LoginRecipes: "getRecipes: falling back to a synchronous message for:" "https://api-46a3d6ac.duosecurity.com"
JavaScript error: resource://gre/modules/LoginManagerParent.jsm, line 136: TypeError: gRecipeManager is null
1650166747681	Marionette	WARN	Ignoring event 'DOMContentLoaded' because document has an invalid readyState of 'complete'.
console.warn: LoginRecipes: "getRecipes: falling back to a synchronous message for:" "https://api-46a3d6ac.duosecurity.com"
JavaScript error: resource://gre/modules/LoginManagerParent.jsm, line 136: TypeError: gRecipeManager is null
console.warn: LoginRecipes: "getRecipes: falling back to a synchronous message for:" "https://login.ufl.edu"
JavaScript error: resource://gre/modules/LoginManagerParent.jsm, line 136: TypeError: gRecipeManager is null
console.warn: LoginRecipes: "getRecipes: falling back to a synchronous message for:" "https://login.ufl.edu"
JavaScript error: resource://gre/modules/LoginManagerParent.jsm, line 136: TypeError: gRecipeManager is null
console.warn: LoginRecipes: "getRecipes: falling back to a synchronous message for:" "https://login.ufl.edu"
JavaScript error: resource://gre/modules/LoginManagerParent.jsm, line 136: TypeError: gRecipeManager is null
console.warn: LoginRecipes: "getRecipes: falling back to a synchronous message for:" "https://login.ufl.edu"
JavaScript error: resource://gre/modules/LoginManagerParent.jsm, line 136: TypeError: gRecipeManager is null
JavaScript error: , line 0: uncaught exception: Object
JavaScript error: , line 0: uncaught exception: Object
JavaScript error: , line 0: uncaught exception: Object
JavaScript error: , line 0: TypeError: NetworkError when attempting to fetch resource.
JavaScript error: , line 0: uncaught exception: Object
JavaScript error: , line 0: uncaught exception: Object
console.warn: LoginRecipes: "getRecipes: falling back to a synchronous message for:" "https://ufl.instructure.com"
JavaScript error: resource://gre/modules/LoginManagerParent.jsm, line 136: TypeError: gRecipeManager is null
console.warn: LoginRecipes: "getRecipes: falling back to a synchronous message for:" "https://ufl.instructure.com"
JavaScript error: resource://gre/modules/LoginManagerParent.jsm, line 136: TypeError: gRecipeManager is null
1650166779884	Marionette	INFO	Stopped listening on port 56225
console.warn: TopSitesFeed: Failed to fetch data from Contile server: NetworkError when attempting to fetch resource.
[Parent 26040, IPC I/O Parent] WARNING: file /builds/worker/checkouts/gecko/ipc/chromium/src/base/process_util_win.cc:167
1650166893260	geckodriver	INFO	Listening on 127.0.0.1:56370
1650166896258	mozrunner::runner	INFO	Running command: "C:\\Program Files\\Mozilla Firefox\\firefox.exe" "--marionette" "--remote-debugging-port" "56371" "-no-remote" "-profile" "C:\\Users\\nickh\\AppData\\Local\\Temp\\rust_mozprofiledvfIGp"
1650166896515	Marionette	INFO	Marionette enabled
console.warn: SearchSettings: "get: No settings file exists, new profile?" (new NotFoundError("Could not open the file at C:\\Users\\nickh\\AppData\\Local\\Temp\\rust_mozprofiledvfIGp\\search.json.mozlz4", (void 0)))
DevTools listening on ws://localhost:56371/devtools/browser/b8c70a36-fca3-425d-b8e0-2512628fdfdb
1650166898044	Marionette	INFO	Listening on port 56376
1650166898310	RemoteAgent	WARN	TLS certificate errors will be ignored for this session
console.warn: LoginRecipes: "getRecipes: falling back to a synchronous message for:" "https://login.ufl.edu"
console.warn: LoginRecipes: "getRecipes: falling back to a synchronous message for:" "https://login.ufl.edu"
JavaScript error: resource://gre/modules/LoginManagerParent.jsm, line 136: TypeError: gRecipeManager is null
console.warn: LoginRecipes: "getRecipes: falling back to a synchronous message for:" "https://login.ufl.edu"
JavaScript error: resource://gre/modules/LoginManagerParent.jsm, line 136: TypeError: gRecipeManager is null
console.warn: LoginRecipes: "getRecipes: falling back to a synchronous message for:" "https://login.ufl.edu"
JavaScript error: resource://gre/modules/LoginManagerParent.jsm, line 136: TypeError: gRecipeManager is null
1650166917794	Marionette	WARN	Ignoring event 'DOMContentLoaded' because document has an invalid readyState of 'complete'.
console.warn: LoginRecipes: "getRecipes: falling back to a synchronous message for:" "https://api-46a3d6ac.duosecurity.com"
JavaScript error: resource://gre/modules/LoginManagerParent.jsm, line 136: TypeError: gRecipeManager is null
console.warn: LoginRecipes: "getRecipes: falling back to a synchronous message for:" "https://api-46a3d6ac.duosecurity.com"
JavaScript error: resource://gre/modules/LoginManagerParent.jsm, line 136: TypeError: gRecipeManager is null
1650166918774	Marionette	WARN	Ignoring event 'DOMContentLoaded' because document has an invalid readyState of 'complete'.
console.warn: LoginRecipes: "getRecipes: falling back to a synchronous message for:" "https://api-46a3d6ac.duosecurity.com"
JavaScript error: resource://gre/modules/LoginManagerParent.jsm, line 136: TypeError: gRecipeManager is null
console.warn: LoginRecipes: "getRecipes: falling back to a synchronous message for:" "https://login.ufl.edu"
JavaScript error: resource://gre/modules/LoginManagerParent.jsm, line 136: TypeError: gRecipeManager is null
console.warn: LoginRecipes: "getRecipes: falling back to a synchronous message for:" "https://login.ufl.edu"
JavaScript error: resource://gre/modules/LoginManagerParent.jsm, line 136: TypeError: gRecipeManager is null
console.warn: LoginRecipes: "getRecipes: falling back to a synchronous message for:" "https://login.ufl.edu"
JavaScript error: resource://gre/modules/LoginManagerParent.jsm, line 136: TypeError: gRecipeManager is null
console.warn: LoginRecipes: "getRecipes: falling back to a synchronous message for:" "https://login.ufl.edu"
JavaScript error: resource://gre/modules/LoginManagerParent.jsm, line 136: TypeError: gRecipeManager is null
JavaScript error: , line 0: uncaught exception: Object
JavaScript error: https://du11hjcvx0uqb.cloudfront.net/dist/webpack-production/main-e-f0de83acab.js, line 25: ChunkLoadError: Loading chunk 3750 failed.
(error: https://du11hjcvx0uqb.cloudfront.net/dist/webpack-production/canvas-rce-async-chunk-c-43126a7dcf.js)
JavaScript error: , line 0: uncaught exception: Object
JavaScript error: , line 0: TypeError: NetworkError when attempting to fetch resource.
console.warn: LoginRecipes: "getRecipes: falling back to a synchronous message for:" "https://ufl.instructure.com"
JavaScript error: resource://gre/modules/LoginManagerParent.jsm, line 136: TypeError: gRecipeManager is null
console.warn: LoginRecipes: "getRecipes: falling back to a synchronous message for:" "https://ufl.instructure.com"
JavaScript error: resource://gre/modules/LoginManagerParent.jsm, line 136: TypeError: gRecipeManager is null
1650166971595	Marionette	INFO	Stopped listening on port 56376
console.warn: TopSitesFeed: Failed to fetch data from Contile server: NetworkError when attempting to fetch resource.
